2025-11-23 20:58:04,446 - INFO - ✅ 텔레그램 credentials 로드 완료
2025-11-23 20:58:04,448 - INFO - ============================================================
2025-11-23 20:58:04,448 - INFO - 🚀 M7 Auto Scanner Started
2025-11-23 20:58:04,449 - INFO - ============================================================
2025-11-23 20:58:04,449 - INFO - 📊 감시 대상: NVDA, TSLA, META, AMZN, GOOGL, AAPL, MSFT, QQQ, TQQQ, XLK
2025-11-23 20:58:04,449 - INFO - ⏱️  체크 주기: 300초 (5분)
2025-11-23 20:58:04,450 - INFO - 🔔 알림 쿨다운: 3600초 (60분)
2025-11-23 20:58:04,450 - INFO - ============================================================
2025-11-23 20:58:04,450 - INFO - 
✨ 스캐너 실행 중... (Ctrl+C로 중지)

2025-11-23 20:58:04,450 - INFO - 
🔄 스캔 시작... 2025-11-23 20:58:04
2025-11-23 20:58:05,309 - INFO -    NVDA: $178.88 | RSI: 41.5
2025-11-23 20:58:06,630 - INFO -    TSLA: $391.09 | RSI: 38.3
2025-11-23 20:58:09,094 - ERROR - ❌ 알림 전송 실패: META - API 에러 (코드: 400)
2025-11-23 20:58:10,415 - INFO -    AMZN: $220.69 | RSI: 40.6
2025-11-23 20:58:11,739 - INFO -    GOOGL: $299.66 | RSI: 68.1
2025-11-23 20:58:13,118 - INFO -    AAPL: $271.49 | RSI: 59.9
2025-11-23 20:58:15,692 - ERROR - ❌ 알림 전송 실패: MSFT - API 에러 (코드: 400)
2025-11-23 20:58:17,042 - INFO -    QQQ: $590.07 | RSI: 38.7
2025-11-23 20:58:18,382 - INFO -    TQQQ: $47.48 | RSI: 37.5
2025-11-23 20:58:19,834 - INFO -    XLK: $273.20 | RSI: 35.6
2025-11-23 20:58:20,835 - INFO - 
💤 5분 대기 중...
2025-11-23 21:04:01,032 - INFO - ✅ 텔레그램 credentials 로드 완료
2025-11-23 21:04:01,032 - INFO - ============================================================
2025-11-23 21:04:01,038 - INFO - 🚀 M7 Auto Scanner Started
2025-11-23 21:04:01,038 - INFO - ============================================================
2025-11-23 21:04:01,040 - INFO - 📊 감시 대상: NVDA, TSLA, META, AMZN, GOOGL, AAPL, MSFT, QQQ, TQQQ, XLK
2025-11-23 21:04:01,040 - INFO - ⏱️  체크 주기: 300초 (5분)
2025-11-23 21:04:01,040 - INFO - 🔔 알림 쿨다운: 3600초 (60분)
2025-11-23 21:04:01,040 - INFO - ============================================================
2025-11-23 21:04:01,040 - INFO - 
✨ 스캐너 실행 중... (Ctrl+C로 중지)

2025-11-23 21:04:01,040 - INFO - 
🔄 스캔 시작... 2025-11-23 21:04:01
2025-11-23 21:04:01,965 - INFO -    NVDA: $178.88 | RSI: 41.5
2025-11-23 21:04:03,282 - INFO -    TSLA: $391.09 | RSI: 38.3
2025-11-23 21:04:06,740 - INFO - ✅ 알림 전송 성공: META (RSI: 26.4)
2025-11-23 21:04:08,061 - INFO -    AMZN: $220.69 | RSI: 40.6
2025-11-23 21:04:09,386 - INFO -    GOOGL: $299.66 | RSI: 68.1
2025-11-23 21:04:10,763 - INFO -    AAPL: $271.49 | RSI: 59.9
2025-11-23 21:04:13,579 - INFO - ✅ 알림 전송 성공: MSFT (RSI: 28.4)
2025-11-23 21:04:14,961 - INFO -    QQQ: $590.07 | RSI: 38.7
2025-11-23 21:04:16,306 - INFO -    TQQQ: $47.48 | RSI: 37.5
2025-11-23 21:04:17,654 - INFO -    XLK: $273.20 | RSI: 35.6
2025-11-23 21:04:18,655 - INFO - 
💤 5분 대기 중...
2025-11-23 21:08:24,300 - INFO - ✅ 텔레그램 credentials 로드 완료
2025-11-23 21:08:24,303 - INFO - ============================================================
2025-11-23 21:08:24,304 - INFO - 🚀 M7 Auto Scanner Started
2025-11-23 21:08:24,304 - INFO - ============================================================
2025-11-23 21:08:24,304 - INFO - 📊 감시 대상: NVDA, TSLA, META, AMZN, GOOGL, AAPL, MSFT, QQQ, TQQQ, XLK
2025-11-23 21:08:24,305 - INFO - ⏱️  체크 주기: 300초 (5분)
2025-11-23 21:08:24,305 - INFO - 🔔 알림 쿨다운: 3600초 (60분)
2025-11-23 21:08:24,310 - INFO - ============================================================
2025-11-23 21:08:24,310 - INFO - 
✨ 스캐너 실행 중... (Ctrl+C로 중지)

2025-11-23 21:08:24,310 - INFO - 
🔄 스캔 시작... 2025-11-23 21:08:24
2025-11-23 21:08:25,221 - INFO -    NVDA: $178.88 | RSI: 41.5
2025-11-23 21:08:26,539 - INFO -    TSLA: $391.09 | RSI: 38.3
2025-11-23 21:08:29,162 - ERROR - ❌ 알림 전송 실패: META - API 에러 (코드: 400)
2025-11-23 21:08:30,476 - INFO -    AMZN: $220.69 | RSI: 40.6
2025-11-23 21:08:31,796 - INFO -    GOOGL: $299.66 | RSI: 68.1
2025-11-23 21:08:33,187 - INFO -    AAPL: $271.49 | RSI: 59.9
2025-11-23 21:08:35,761 - ERROR - ❌ 알림 전송 실패: MSFT - API 에러 (코드: 400)
2025-11-23 21:08:37,121 - INFO -    QQQ: $590.07 | RSI: 38.7
2025-11-23 21:08:38,452 - INFO -    TQQQ: $47.48 | RSI: 37.5
2025-11-23 21:08:39,806 - INFO -    XLK: $273.20 | RSI: 35.6
2025-11-23 21:08:40,807 - INFO - 
💤 5분 대기 중...
2025-11-23 21:10:44,916 - INFO - ✅ 텔레그램 credentials 로드 완료
2025-11-23 21:10:44,916 - INFO - ============================================================
2025-11-23 21:10:44,917 - INFO - 🚀 M7 Auto Scanner Started
2025-11-23 21:10:44,917 - INFO - ============================================================
2025-11-23 21:10:44,917 - INFO - 📊 감시 대상: NVDA, TSLA, META, AMZN, GOOGL, AAPL, MSFT, QQQ, TQQQ, XLK
2025-11-23 21:10:44,917 - INFO - ⏱️  체크 주기: 300초 (5분)
2025-11-23 21:10:44,917 - INFO - 🔔 알림 쿨다운: 3600초 (60분)
2025-11-23 21:10:44,918 - INFO - ============================================================
2025-11-23 21:10:44,918 - INFO - 
✨ 스캐너 실행 중... (Ctrl+C로 중지)

2025-11-23 21:10:44,918 - INFO - 
🔄 스캔 시작... 2025-11-23 21:10:44
2025-11-23 21:10:45,790 - INFO -    NVDA: $178.88 | RSI: 41.5
2025-11-23 21:10:47,101 - INFO -    TSLA: $391.09 | RSI: 38.3
2025-11-23 21:10:49,685 - INFO - ✅ 알림 전송 성공: META (RSI: 26.4)
2025-11-23 21:10:50,997 - INFO -    AMZN: $220.69 | RSI: 40.6
2025-11-23 21:10:52,323 - INFO -    GOOGL: $299.66 | RSI: 68.1
2025-11-23 21:10:53,712 - INFO -    AAPL: $271.49 | RSI: 59.9
2025-11-23 21:10:56,443 - INFO - ✅ 알림 전송 성공: MSFT (RSI: 28.4)
2025-11-23 21:10:57,793 - INFO -    QQQ: $590.07 | RSI: 38.7
2025-11-23 21:10:59,145 - INFO -    TQQQ: $47.48 | RSI: 37.5
2025-11-23 21:11:00,476 - INFO -    XLK: $273.20 | RSI: 35.6
2025-11-23 21:11:01,477 - INFO - 
💤 5분 대기 중...
2025-11-23 21:15:59,962 - INFO - 
🔄 스캔 시작... 2025-11-23 21:15:59
2025-11-23 21:16:00,323 - INFO -    NVDA: $178.88 | RSI: 41.5
2025-11-23 21:16:01,631 - INFO -    TSLA: $391.09 | RSI: 38.3
2025-11-23 21:16:02,948 - INFO - ⏳ META 쿨다운 중 (남은 시간: 54분)
2025-11-23 21:16:04,263 - INFO -    AMZN: $220.69 | RSI: 40.6
2025-11-23 21:16:05,579 - INFO -    GOOGL: $299.66 | RSI: 68.1
2025-11-23 21:16:07,056 - INFO -    AAPL: $271.49 | RSI: 59.9
2025-11-23 21:16:08,408 - INFO - ⏳ MSFT 쿨다운 중 (남은 시간: 54분)
2025-11-23 21:16:09,785 - INFO -    QQQ: $590.07 | RSI: 38.7
2025-11-23 21:16:11,151 - INFO -    TQQQ: $47.48 | RSI: 37.5
2025-11-23 21:16:12,520 - INFO -    XLK: $273.20 | RSI: 35.6
2025-11-23 21:16:13,523 - INFO - 
💤 5분 대기 중...
2025-11-23 21:21:13,530 - INFO - 
🔄 스캔 시작... 2025-11-23 21:21:13
2025-11-23 21:21:13,903 - INFO -    NVDA: $178.88 | RSI: 41.5
2025-11-23 21:21:15,227 - INFO -    TSLA: $391.09 | RSI: 38.3
2025-11-23 21:21:16,539 - INFO - ⏳ META 쿨다운 중 (남은 시간: 49분)
2025-11-23 21:21:17,874 - INFO -    AMZN: $220.69 | RSI: 40.6
2025-11-23 21:21:19,212 - INFO -    GOOGL: $299.66 | RSI: 68.1
2025-11-23 21:21:20,572 - INFO -    AAPL: $271.49 | RSI: 59.9
2025-11-23 21:21:21,905 - INFO - ⏳ MSFT 쿨다운 중 (남은 시간: 49분)
2025-11-23 21:21:23,266 - INFO -    QQQ: $590.07 | RSI: 38.7
2025-11-23 21:21:24,613 - INFO -    TQQQ: $47.48 | RSI: 37.5
2025-11-23 21:21:25,974 - INFO -    XLK: $273.20 | RSI: 35.6
2025-11-23 21:21:26,977 - INFO - 
💤 5분 대기 중...
2025-11-23 21:24:08,875 - INFO - ✅ 텔레그램 credentials 로드 완료
2025-11-23 21:24:08,875 - INFO - ============================================================
2025-11-23 21:24:08,877 - INFO - 🚀 M7 Auto Scanner Started
2025-11-23 21:24:08,877 - INFO - ============================================================
2025-11-23 21:24:08,877 - INFO - 📊 감시 대상: NVDA, TSLA, META, AMZN, GOOGL, AAPL, MSFT, QQQ, TQQQ, XLK
2025-11-23 21:24:08,877 - INFO - ⏱️  체크 주기: 300초 (5분)
2025-11-23 21:24:08,877 - INFO - 🔔 알림 쿨다운: 3600초 (60분)
2025-11-23 21:24:08,878 - INFO - ============================================================
2025-11-23 21:24:08,878 - INFO - 
✨ 스캐너 실행 중... (Ctrl+C로 중지)

2025-11-23 21:24:08,879 - INFO - 
🔄 스캔 시작... 2025-11-23 21:24:08
2025-11-23 21:24:09,716 - INFO -    NVDA: $178.88 | RSI: 41.5
2025-11-23 21:24:11,025 - INFO -    TSLA: $391.09 | RSI: 38.3
2025-11-23 21:24:12,343 - INFO - 🧠 AI 분석 요청 중... (META)
2025-11-23 21:24:14,321 - INFO - ✅ 알림 전송 성공: META (RSI: 26.4)
2025-11-23 21:24:15,631 - INFO -    AMZN: $220.69 | RSI: 40.6
2025-11-23 21:24:16,949 - INFO -    GOOGL: $299.66 | RSI: 68.1
2025-11-23 21:24:18,321 - INFO -    AAPL: $271.49 | RSI: 59.9
2025-11-23 21:24:19,657 - INFO - 🧠 AI 분석 요청 중... (MSFT)
2025-11-23 21:24:21,279 - INFO - ✅ 알림 전송 성공: MSFT (RSI: 28.4)
2025-11-23 21:24:22,617 - INFO -    QQQ: $590.07 | RSI: 38.7
2025-11-23 21:24:23,967 - INFO -    TQQQ: $47.48 | RSI: 37.5
2025-11-23 21:24:25,316 - INFO -    XLK: $273.20 | RSI: 35.6
2025-11-23 21:24:26,318 - INFO - 
💤 5분 대기 중...
2025-11-23 21:25:57,094 - INFO - ✅ 텔레그램 credentials 로드 완료
2025-11-23 21:25:57,094 - INFO - ============================================================
2025-11-23 21:25:57,099 - INFO - 🚀 M7 Auto Scanner Started
2025-11-23 21:25:57,099 - INFO - ============================================================
2025-11-23 21:25:57,099 - INFO - 📊 감시 대상: NVDA, TSLA, META, AMZN, GOOGL, AAPL, MSFT, QQQ, TQQQ, XLK
2025-11-23 21:25:57,099 - INFO - ⏱️  체크 주기: 300초 (5분)
2025-11-23 21:25:57,099 - INFO - 🔔 알림 쿨다운: 3600초 (60분)
2025-11-23 21:25:57,099 - INFO - ============================================================
2025-11-23 21:25:57,099 - INFO - 
✨ 스캐너 실행 중... (Ctrl+C로 중지)

2025-11-23 21:25:57,101 - INFO - 
🔄 스캔 시작... 2025-11-23 21:25:57
2025-11-23 21:25:57,989 - INFO -    NVDA: $178.88 | RSI: 41.5
2025-11-23 21:25:59,312 - INFO -    TSLA: $391.09 | RSI: 38.3
2025-11-23 21:26:00,619 - INFO - 🧠 AI 분석 요청 중... (META)
2025-11-23 21:26:02,078 - INFO - ✅ 알림 전송 성공: META (RSI: 26.4)
2025-11-23 21:26:03,381 - INFO -    AMZN: $220.69 | RSI: 40.6
2025-11-23 21:26:04,708 - INFO -    GOOGL: $299.66 | RSI: 68.1
2025-11-23 21:26:06,091 - INFO -    AAPL: $271.49 | RSI: 59.9
2025-11-23 21:26:07,438 - INFO - 🧠 AI 분석 요청 중... (MSFT)
2025-11-23 21:26:08,869 - INFO - ✅ 알림 전송 성공: MSFT (RSI: 28.4)
2025-11-23 21:26:10,227 - INFO -    QQQ: $590.07 | RSI: 38.7
2025-11-23 21:26:11,551 - INFO -    TQQQ: $47.48 | RSI: 37.5
2025-11-23 21:26:12,919 - INFO -    XLK: $273.20 | RSI: 35.6
2025-11-23 21:26:13,921 - INFO - 
💤 5분 대기 중...
2025-11-23 21:27:25,329 - INFO - ✅ 텔레그램 credentials 로드 완료
2025-11-23 21:27:25,329 - INFO - ============================================================
2025-11-23 21:27:25,333 - INFO - 🚀 M7 Auto Scanner Started
2025-11-23 21:27:25,333 - INFO - ============================================================
2025-11-23 21:27:25,333 - INFO - 📊 감시 대상: NVDA, TSLA, META, AMZN, GOOGL, AAPL, MSFT, QQQ, TQQQ, XLK
2025-11-23 21:27:25,333 - INFO - ⏱️  체크 주기: 300초 (5분)
2025-11-23 21:27:25,333 - INFO - 🔔 알림 쿨다운: 3600초 (60분)
2025-11-23 21:27:25,333 - INFO - ============================================================
2025-11-23 21:27:25,333 - INFO - 
✨ 스캐너 실행 중... (Ctrl+C로 중지)

2025-11-23 21:27:25,333 - INFO - 
🔄 스캔 시작... 2025-11-23 21:27:25
2025-11-23 21:27:26,204 - INFO -    NVDA: $178.88 | RSI: 41.5
2025-11-23 21:27:27,520 - INFO -    TSLA: $391.09 | RSI: 38.3
2025-11-23 21:27:28,831 - INFO - 🧠 AI 분석 요청 중... (META)
2025-11-23 21:27:30,272 - INFO - ✅ 알림 전송 성공: META (RSI: 26.4)
2025-11-23 21:27:31,594 - INFO -    AMZN: $220.69 | RSI: 40.6
2025-11-23 21:27:32,904 - INFO -    GOOGL: $299.66 | RSI: 68.1
2025-11-23 21:27:34,280 - INFO -    AAPL: $271.49 | RSI: 59.9
2025-11-23 21:27:35,619 - INFO - 🧠 AI 분석 요청 중... (MSFT)
2025-11-23 21:27:37,101 - INFO - ✅ 알림 전송 성공: MSFT (RSI: 28.4)
2025-11-23 21:27:38,469 - INFO -    QQQ: $590.07 | RSI: 38.7
2025-11-23 21:27:39,810 - INFO -    TQQQ: $47.48 | RSI: 37.5
2025-11-23 21:27:41,183 - INFO -    XLK: $273.20 | RSI: 35.6
2025-11-23 21:27:42,187 - INFO - 
💤 5분 대기 중...
2025-11-23 21:32:42,188 - INFO - 
🔄 스캔 시작... 2025-11-23 21:32:42
2025-11-23 21:32:42,538 - INFO -    NVDA: $178.88 | RSI: 41.5
2025-11-23 21:32:43,871 - INFO -    TSLA: $391.09 | RSI: 38.3
2025-11-23 21:32:45,209 - INFO - ⏳ META 쿨다운 중 (남은 시간: 54분)
2025-11-23 21:32:46,533 - INFO -    AMZN: $220.69 | RSI: 40.6
2025-11-23 21:32:47,842 - INFO -    GOOGL: $299.66 | RSI: 68.1
2025-11-23 21:32:49,220 - INFO -    AAPL: $271.49 | RSI: 59.9
2025-11-23 21:32:50,556 - INFO - ⏳ MSFT 쿨다운 중 (남은 시간: 54분)
2025-11-23 21:32:51,895 - INFO -    QQQ: $590.07 | RSI: 38.7
2025-11-23 21:32:53,240 - INFO -    TQQQ: $47.48 | RSI: 37.5
2025-11-23 21:32:54,592 - INFO -    XLK: $273.20 | RSI: 35.6
2025-11-23 21:32:55,593 - INFO - 
💤 5분 대기 중...
2025-11-23 21:56:34,449 - INFO - ✅ 텔레그램 credentials 로드 완료
2025-11-23 21:56:34,449 - INFO - ============================================================
2025-11-23 21:56:34,449 - INFO - 🚀 M7 Auto Scanner Started
2025-11-23 21:56:34,449 - INFO - ============================================================
2025-11-23 21:56:34,449 - INFO - 📊 감시 대상: NVDA, TSLA, META, AMZN, GOOGL, AAPL, MSFT, QQQ, TQQQ, XLK
2025-11-23 21:56:34,449 - INFO - ⏱️  체크 주기: 300초 (5분)
2025-11-23 21:56:34,449 - INFO - 🔔 알림 쿨다운: 3600초 (60분)
2025-11-23 21:56:34,449 - INFO - ============================================================
2025-11-23 21:56:34,449 - INFO - 
✨ 스캐너 실행 중... (Ctrl+C로 중지)

2025-11-23 21:56:34,449 - INFO - 
🔄 스캔 시작... 2025-11-23 21:56:34
2025-11-23 21:56:35,330 - INFO -    NVDA: $178.88 | RSI: 41.5
2025-11-23 21:56:36,676 - INFO -    TSLA: $391.09 | RSI: 38.3
2025-11-23 21:56:37,995 - INFO - 🧠 AI 분석 요청 중... (META)
2025-11-23 21:56:39,716 - INFO - ✅ 알림 전송 성공: META (RSI: 26.4)
2025-11-23 21:56:41,032 - INFO -    AMZN: $220.69 | RSI: 40.6
2025-11-23 21:56:42,388 - INFO -    GOOGL: $299.66 | RSI: 68.1
2025-11-23 21:56:43,748 - INFO -    AAPL: $271.49 | RSI: 59.9
2025-11-23 21:56:45,147 - INFO - 🧠 AI 분석 요청 중... (MSFT)
2025-11-23 21:56:46,999 - INFO - ✅ 알림 전송 성공: MSFT (RSI: 28.4)
2025-11-23 21:56:48,363 - INFO -    QQQ: $590.07 | RSI: 38.7
2025-11-23 21:56:49,706 - INFO -    TQQQ: $47.48 | RSI: 37.5
2025-11-23 21:56:51,050 - INFO -    XLK: $273.20 | RSI: 35.6
2025-11-23 21:56:52,050 - INFO - 
💤 5분 대기 중...
2025-11-23 22:01:08,532 - INFO - ✅ 텔레그램 credentials 로드 완료
2025-11-23 22:01:08,532 - INFO - ============================================================
2025-11-23 22:01:08,532 - INFO - 🚀 M7 Auto Scanner Started
2025-11-23 22:01:08,532 - INFO - ============================================================
2025-11-23 22:01:08,532 - INFO - 📊 감시 대상: NVDA, TSLA, META, AMZN, GOOGL, AAPL, MSFT, QQQ, TQQQ, XLK
2025-11-23 22:01:08,532 - INFO - ⏱️  체크 주기: 300초 (5분)
2025-11-23 22:01:08,532 - INFO - 🔔 알림 쿨다운: 3600초 (60분)
2025-11-23 22:01:08,532 - INFO - ============================================================
2025-11-23 22:01:08,532 - INFO - 
✨ 스캐너 실행 중... (Ctrl+C로 중지)

2025-11-23 22:01:08,532 - INFO - 
🔄 스캔 시작... 2025-11-23 22:01:08
2025-11-23 22:01:09,461 - INFO -    NVDA: $178.88 | RSI: 41.5
2025-11-23 22:01:10,795 - INFO -    TSLA: $391.09 | RSI: 38.3
2025-11-23 22:01:12,131 - INFO - 🧠 AI 분석 요청 중... (META)
2025-11-23 22:01:14,711 - INFO - ✅ 알림 전송 성공: META (RSI: 26.4)
2025-11-23 22:01:16,038 - INFO -    AMZN: $220.69 | RSI: 40.6
2025-11-23 22:01:17,374 - INFO -    GOOGL: $299.66 | RSI: 68.1
2025-11-23 22:01:18,734 - INFO -    AAPL: $271.49 | RSI: 59.9
2025-11-23 22:01:20,077 - INFO - 🧠 AI 분석 요청 중... (MSFT)
2025-11-23 22:01:32,061 - ERROR - ❌ 알림 전송 실패: MSFT - 타임아웃: 10초 내 응답 없음
2025-11-23 22:01:33,424 - INFO -    QQQ: $590.07 | RSI: 38.7
2025-11-23 22:01:34,775 - INFO -    TQQQ: $47.48 | RSI: 37.5
2025-11-23 22:01:36,145 - INFO -    XLK: $273.20 | RSI: 35.6
2025-11-23 22:01:37,146 - INFO - 
💤 5분 대기 중...
2025-11-23 22:04:24,810 - INFO - ✅ 텔레그램 credentials 로드 완료
2025-11-23 22:04:24,810 - INFO - ============================================================
2025-11-23 22:04:24,810 - INFO - 🚀 M7 Auto Scanner Started
2025-11-23 22:04:24,810 - INFO - ============================================================
2025-11-23 22:04:24,810 - INFO - 📊 감시 대상: NVDA, TSLA, META, AMZN, GOOGL, AAPL, MSFT, QQQ, TQQQ, XLK
2025-11-23 22:04:24,810 - INFO - ⏱️  체크 주기: 300초 (5분)
2025-11-23 22:04:24,810 - INFO - 🔔 알림 쿨다운: 3600초 (60분)
2025-11-23 22:04:24,810 - INFO - ============================================================
2025-11-23 22:04:24,810 - INFO - 
✨ 스캐너 실행 중... (Ctrl+C로 중지)

2025-11-23 22:04:24,810 - INFO - 
🔄 스캔 시작... 2025-11-23 22:04:24
2025-11-23 22:04:25,725 - INFO -    NVDA: $178.88 | RSI: 41.5
2025-11-23 22:04:27,045 - INFO -    TSLA: $391.09 | RSI: 38.3
2025-11-23 22:04:28,371 - INFO - 🧠 AI 분석 요청 중... (META)
2025-11-23 22:04:31,153 - INFO - ✅ 알림 전송 성공: META (RSI: 26.4)
2025-11-23 22:04:32,466 - INFO -    AMZN: $220.69 | RSI: 40.6
2025-11-23 22:04:33,795 - INFO -    GOOGL: $299.66 | RSI: 68.1
2025-11-23 22:04:35,168 - INFO -    AAPL: $271.49 | RSI: 59.9
2025-11-23 22:04:36,530 - INFO - 🧠 AI 분석 요청 중... (MSFT)
2025-11-23 22:04:39,819 - INFO - ✅ 알림 전송 성공: MSFT (RSI: 28.4)
2025-11-23 22:04:41,156 - INFO -    QQQ: $590.07 | RSI: 38.7
2025-11-23 22:04:42,504 - INFO -    TQQQ: $47.48 | RSI: 37.5
2025-11-23 22:04:43,881 - INFO -    XLK: $273.20 | RSI: 35.6
2025-11-23 22:04:44,883 - INFO - 
💤 5분 대기 중...
2025-11-23 22:09:44,884 - INFO - 
🔄 스캔 시작... 2025-11-23 22:09:44
2025-11-23 22:09:45,237 - INFO -    NVDA: $178.88 | RSI: 41.5
2025-11-23 22:09:46,558 - INFO -    TSLA: $391.09 | RSI: 38.3
2025-11-23 22:09:47,900 - INFO - ⏳ META 쿨다운 중 (남은 시간: 54분)
2025-11-23 22:09:49,209 - INFO -    AMZN: $220.69 | RSI: 40.6
2025-11-23 22:09:50,540 - INFO -    GOOGL: $299.66 | RSI: 68.1
2025-11-23 22:09:51,889 - INFO -    AAPL: $271.49 | RSI: 59.9
2025-11-23 22:09:53,250 - INFO - ⏳ MSFT 쿨다운 중 (남은 시간: 54분)
2025-11-23 22:09:54,597 - INFO -    QQQ: $590.07 | RSI: 38.7
2025-11-23 22:09:56,036 - INFO -    TQQQ: $47.48 | RSI: 37.5
2025-11-23 22:09:57,411 - INFO -    XLK: $273.20 | RSI: 35.6
2025-11-23 22:09:58,417 - INFO - 
💤 5분 대기 중...
2025-11-23 22:11:27,895 - INFO - ✅ 텔레그램 credentials 로드 완료
2025-11-23 22:11:27,897 - INFO - ============================================================
2025-11-23 22:11:27,897 - INFO - 🚀 M7 Auto Scanner Started
2025-11-23 22:11:27,897 - INFO - ============================================================
2025-11-23 22:11:27,897 - INFO - 📊 감시 대상: NVDA, TSLA, META, AMZN, GOOGL, AAPL, MSFT, QQQ, TQQQ, XLK
2025-11-23 22:11:27,897 - INFO - ⏱️  체크 주기: 300초 (5분)
2025-11-23 22:11:27,897 - INFO - 🔔 알림 쿨다운: 3600초 (60분)
2025-11-23 22:11:27,897 - INFO - ============================================================
2025-11-23 22:11:27,897 - INFO - 
✨ 스캐너 실행 중... (Ctrl+C로 중지)

2025-11-23 22:11:27,897 - INFO - 
🔄 스캔 시작... 2025-11-23 22:11:27
2025-11-23 22:11:28,778 - INFO -    NVDA: $178.88 | RSI: 41.5
2025-11-23 22:11:30,088 - INFO -    TSLA: $391.09 | RSI: 38.3
2025-11-23 22:11:31,419 - INFO - 🧠 AI 분석 요청 중... (META)
2025-11-23 22:11:34,363 - INFO - ✅ 알림 전송 성공: META (RSI: 26.4)
2025-11-23 22:11:39,849 - INFO -    AMZN: $220.69 | RSI: 40.6
2025-11-23 22:11:41,161 - INFO -    GOOGL: $299.66 | RSI: 68.1
2025-11-23 22:11:42,516 - INFO -    AAPL: $271.49 | RSI: 59.9
2025-11-23 22:11:43,875 - INFO - 🧠 AI 분석 요청 중... (MSFT)
2025-11-23 22:11:46,655 - INFO - ✅ 알림 전송 성공: MSFT (RSI: 28.4)
2025-11-23 22:11:48,029 - INFO -    QQQ: $590.07 | RSI: 38.7
2025-11-23 22:11:49,425 - INFO -    TQQQ: $47.48 | RSI: 37.5
2025-11-23 22:11:50,816 - INFO -    XLK: $273.20 | RSI: 35.6
2025-11-23 22:11:51,820 - INFO - 
💤 5분 대기 중...
2025-11-23 22:16:51,821 - INFO - 
🔄 스캔 시작... 2025-11-23 22:16:51
2025-11-23 22:16:52,162 - INFO -    NVDA: $178.88 | RSI: 41.5
2025-11-23 22:16:53,482 - INFO -    TSLA: $391.09 | RSI: 38.3
2025-11-23 22:16:54,814 - INFO - ⏳ META 쿨다운 중 (남은 시간: 54분)
2025-11-23 22:16:56,141 - INFO -    AMZN: $220.69 | RSI: 40.6
2025-11-23 22:16:57,471 - INFO -    GOOGL: $299.66 | RSI: 68.1
2025-11-23 22:16:58,858 - INFO -    AAPL: $271.49 | RSI: 59.9
2025-11-23 22:17:00,241 - INFO - ⏳ MSFT 쿨다운 중 (남은 시간: 54분)
2025-11-23 22:17:01,585 - INFO -    QQQ: $590.07 | RSI: 38.7
2025-11-23 22:17:02,936 - INFO -    TQQQ: $47.48 | RSI: 37.5
2025-11-23 22:17:04,310 - INFO -    XLK: $273.20 | RSI: 35.6
2025-11-23 22:17:05,311 - INFO - 
💤 5분 대기 중...
2025-11-23 22:22:05,313 - INFO - 
🔄 스캔 시작... 2025-11-23 22:22:05
2025-11-23 22:22:05,705 - INFO -    NVDA: $178.88 | RSI: 41.5
2025-11-23 22:22:07,017 - INFO -    TSLA: $391.09 | RSI: 38.3
2025-11-23 22:22:08,353 - INFO - ⏳ META 쿨다운 중 (남은 시간: 49분)
2025-11-23 22:22:09,666 - INFO -    AMZN: $220.69 | RSI: 40.6
2025-11-23 22:22:11,000 - INFO -    GOOGL: $299.66 | RSI: 68.1
2025-11-23 22:22:12,388 - INFO -    AAPL: $271.49 | RSI: 59.9
2025-11-23 22:22:13,740 - INFO - ⏳ MSFT 쿨다운 중 (남은 시간: 49분)
2025-11-23 22:22:15,101 - INFO -    QQQ: $590.07 | RSI: 38.7
2025-11-23 22:22:16,452 - INFO -    TQQQ: $47.48 | RSI: 37.5
2025-11-23 22:22:17,807 - INFO -    XLK: $273.20 | RSI: 35.6
2025-11-23 22:22:18,812 - INFO - 
💤 5분 대기 중...
2025-11-23 22:27:18,814 - INFO - 
🔄 스캔 시작... 2025-11-23 22:27:18
2025-11-23 22:27:19,193 - INFO -    NVDA: $178.88 | RSI: 41.5
2025-11-23 22:27:20,513 - INFO -    TSLA: $391.09 | RSI: 38.3
2025-11-23 22:27:21,843 - INFO - ⏳ META 쿨다운 중 (남은 시간: 44분)
2025-11-23 22:27:23,189 - INFO -    AMZN: $220.69 | RSI: 40.6
2025-11-23 22:27:24,524 - INFO -    GOOGL: $299.66 | RSI: 68.1
2025-11-23 22:27:25,908 - INFO -    AAPL: $271.49 | RSI: 59.9
2025-11-23 22:27:27,252 - INFO - ⏳ MSFT 쿨다운 중 (남은 시간: 44분)
2025-11-23 22:27:28,597 - INFO -    QQQ: $590.07 | RSI: 38.7
2025-11-23 22:27:29,942 - INFO -    TQQQ: $47.48 | RSI: 37.5
2025-11-23 22:27:31,305 - INFO -    XLK: $273.20 | RSI: 35.6
2025-11-23 22:27:32,307 - INFO - 
💤 5분 대기 중...
2025-11-23 22:28:09,967 - INFO - ✅ 텔레그램 credentials 로드 완료
2025-11-23 22:28:09,968 - INFO - ============================================================
2025-11-23 22:28:09,968 - INFO - 🚀 M7 Auto Scanner Started
2025-11-23 22:28:09,970 - INFO - ============================================================
2025-11-23 22:28:09,971 - INFO - 📊 감시 대상: NVDA, TSLA, META, AMZN, GOOGL, AAPL, MSFT, QQQ, TQQQ, XLK
2025-11-23 22:28:09,971 - INFO - ⏱️  체크 주기: 300초 (5분)
2025-11-23 22:28:09,971 - INFO - 🔔 알림 쿨다운: 3600초 (60분)
2025-11-23 22:28:09,971 - INFO - ============================================================
2025-11-23 22:28:09,971 - INFO - 
✨ 스캐너 실행 중... (Ctrl+C로 중지)

2025-11-23 22:28:09,971 - INFO - 
🔄 스캔 시작... 2025-11-23 22:28:09
2025-11-23 22:28:09,971 - ERROR - ❌ NVDA 처리 중 예외 발생: module 'utils' has no attribute 'get_stock_data'
2025-11-23 22:28:10,973 - ERROR - ❌ TSLA 처리 중 예외 발생: module 'utils' has no attribute 'get_stock_data'
2025-11-23 22:28:11,974 - ERROR - ❌ META 처리 중 예외 발생: module 'utils' has no attribute 'get_stock_data'
2025-11-23 22:28:12,976 - ERROR - ❌ AMZN 처리 중 예외 발생: module 'utils' has no attribute 'get_stock_data'
2025-11-23 22:28:13,978 - ERROR - ❌ GOOGL 처리 중 예외 발생: module 'utils' has no attribute 'get_stock_data'
2025-11-23 22:28:14,980 - ERROR - ❌ AAPL 처리 중 예외 발생: module 'utils' has no attribute 'get_stock_data'
2025-11-23 22:28:15,983 - ERROR - ❌ MSFT 처리 중 예외 발생: module 'utils' has no attribute 'get_stock_data'
2025-11-23 22:28:16,983 - ERROR - ❌ QQQ 처리 중 예외 발생: module 'utils' has no attribute 'get_stock_data'
2025-11-23 22:28:17,984 - ERROR - ❌ TQQQ 처리 중 예외 발생: module 'utils' has no attribute 'get_stock_data'
2025-11-23 22:28:18,986 - ERROR - ❌ XLK 처리 중 예외 발생: module 'utils' has no attribute 'get_stock_data'
2025-11-23 22:28:19,987 - INFO - 
💤 5분 대기 중...
2025-11-23 22:31:18,195 - INFO - ✅ 텔레그램 credentials 로드 완료
2025-11-23 22:31:18,195 - INFO - ============================================================
2025-11-23 22:31:18,195 - INFO - 🚀 M7 Auto Scanner Started
2025-11-23 22:31:18,195 - INFO - ============================================================
2025-11-23 22:31:18,195 - INFO - 📊 감시 대상: NVDA, TSLA, META, AMZN, GOOGL, AAPL, MSFT, QQQ, TQQQ, XLK
2025-11-23 22:31:18,195 - INFO - ⏱️  체크 주기: 300초 (5분)
2025-11-23 22:31:18,195 - INFO - 🔔 알림 쿨다운: 3600초 (60분)
2025-11-23 22:31:18,195 - INFO - ============================================================
2025-11-23 22:31:18,195 - INFO - 
✨ 스캐너 실행 중... (Ctrl+C로 중지)

2025-11-23 22:31:18,195 - INFO - 
🔄 스캔 시작... 2025-11-23 22:31:18
2025-11-23 22:31:19,107 - INFO -    NVDA: $178.88 | RSI: 41.5
2025-11-23 22:31:20,433 - INFO -    TSLA: $391.09 | RSI: 38.3
2025-11-23 22:31:21,767 - INFO - 🧠 AI 분석 요청 중... (META)
2025-11-23 22:31:24,579 - INFO - ✅ 알림 전송 성공: META (RSI: 26.4)
2025-11-23 22:31:25,902 - INFO -    AMZN: $220.69 | RSI: 40.6
2025-11-23 22:31:27,264 - INFO -    GOOGL: $299.66 | RSI: 68.1
2025-11-23 22:31:28,636 - INFO -    AAPL: $271.49 | RSI: 59.9
2025-11-23 22:31:30,014 - INFO - 🧠 AI 분석 요청 중... (MSFT)
2025-11-23 22:31:34,628 - INFO - ✅ 알림 전송 성공: MSFT (RSI: 28.4)
2025-11-23 22:31:35,989 - INFO -    QQQ: $590.07 | RSI: 38.7
2025-11-23 22:31:37,345 - INFO -    TQQQ: $47.48 | RSI: 37.5
2025-11-23 22:31:38,720 - INFO -    XLK: $273.20 | RSI: 35.6
2025-11-23 22:31:39,721 - INFO - 
💤 5분 대기 중...
2025-11-23 22:34:17,850 - INFO - ✅ 텔레그램 credentials 로드 완료
2025-11-23 22:34:17,850 - INFO - ============================================================
2025-11-23 22:34:17,850 - INFO - 🚀 M7 Auto Scanner Started
2025-11-23 22:34:17,850 - INFO - ============================================================
2025-11-23 22:34:17,850 - INFO - 📊 감시 대상: NVDA, TSLA, META, AMZN, GOOGL, AAPL, MSFT, QQQ, TQQQ, XLK
2025-11-23 22:34:17,850 - INFO - ⏱️  체크 주기: 300초 (5분)
2025-11-23 22:34:17,850 - INFO - 🔔 알림 쿨다운: 3600초 (60분)
2025-11-23 22:34:17,850 - INFO - ============================================================
2025-11-23 22:34:17,850 - INFO - 
✨ 스캐너 실행 중... (Ctrl+C로 중지)

2025-11-23 22:34:17,850 - INFO - 
🔄 스캔 시작... 2025-11-23 22:34:17
2025-11-23 22:34:21,455 - INFO - 🧠 AI 분석 요청 중... (META)
2025-11-23 22:34:25,127 - INFO - ✅ 알림 전송 성공: META (RSI: 26.4)
2025-11-23 22:34:30,499 - INFO - 🧠 AI 분석 요청 중... (MSFT)
2025-11-23 22:34:33,183 - INFO - ✅ 알림 전송 성공: MSFT (RSI: 28.4)
2025-11-23 22:34:38,246 - INFO - 
💤 5분 대기 중...
2025-11-23 22:39:38,247 - INFO - 
🔄 스캔 시작... 2025-11-23 22:39:38
2025-11-23 22:39:51,876 - INFO - 
💤 5분 대기 중...
2025-11-23 22:44:51,881 - INFO - 
🔄 스캔 시작... 2025-11-23 22:44:51
2025-11-23 22:45:05,338 - INFO - 
💤 5분 대기 중...
2025-11-23 22:50:05,339 - INFO - 
🔄 스캔 시작... 2025-11-23 22:50:05
2025-11-23 22:50:18,899 - INFO - 
💤 5분 대기 중...
2025-11-23 22:55:18,902 - INFO - 
🔄 스캔 시작... 2025-11-23 22:55:18
2025-11-23 22:55:32,477 - INFO - 
💤 5분 대기 중...
2025-11-23 23:00:32,478 - INFO - 
🔄 스캔 시작... 2025-11-23 23:00:32
2025-11-23 23:00:46,005 - INFO - 
💤 5분 대기 중...
2025-11-23 23:05:46,006 - INFO - 
🔄 스캔 시작... 2025-11-23 23:05:46
2025-11-23 23:05:59,533 - INFO - 
💤 5분 대기 중...
2025-11-23 23:10:59,535 - INFO - 
🔄 스캔 시작... 2025-11-23 23:10:59
2025-11-23 23:11:12,979 - INFO - 
💤 5분 대기 중...
2025-11-23 23:16:12,982 - INFO - 
🔄 스캔 시작... 2025-11-23 23:16:12
2025-11-23 23:16:26,525 - INFO - 
💤 5분 대기 중...
2025-11-23 23:21:26,528 - INFO - 
🔄 스캔 시작... 2025-11-23 23:21:26
2025-11-23 23:21:40,041 - INFO - 
💤 5분 대기 중...
2025-11-23 23:26:40,043 - INFO - 
🔄 스캔 시작... 2025-11-23 23:26:40
2025-11-23 23:26:53,533 - INFO - 
💤 5분 대기 중...
2025-11-23 23:31:53,534 - INFO - 
🔄 스캔 시작... 2025-11-23 23:31:53
2025-11-23 23:32:07,354 - INFO - 
💤 5분 대기 중...
2025-11-23 23:37:07,356 - INFO - 
🔄 스캔 시작... 2025-11-23 23:37:07
2025-11-23 23:37:10,373 - INFO - 🧠 AI 분석 요청 중... (META)
2025-11-23 23:37:13,865 - INFO - ✅ 알림 전송 성공: META (RSI: 26.4)
2025-11-23 23:37:19,318 - INFO - 🧠 AI 분석 요청 중... (MSFT)
2025-11-23 23:37:22,437 - INFO - ✅ 알림 전송 성공: MSFT (RSI: 28.4)
2025-11-23 23:37:27,516 - INFO - 
💤 5분 대기 중...
2025-11-23 23:42:27,518 - INFO - 
🔄 스캔 시작... 2025-11-23 23:42:27
2025-11-23 23:42:40,866 - INFO - 
💤 5분 대기 중...
2025-11-23 23:47:40,868 - INFO - 
🔄 스캔 시작... 2025-11-23 23:47:40
2025-11-23 23:47:54,200 - INFO - 
💤 5분 대기 중...
2025-11-23 23:52:54,201 - INFO - 
🔄 스캔 시작... 2025-11-23 23:52:54
2025-11-23 23:53:07,637 - INFO - 
💤 5분 대기 중...
2025-11-23 23:58:07,638 - INFO - 
🔄 스캔 시작... 2025-11-23 23:58:07
2025-11-23 23:58:21,174 - INFO - 
💤 5분 대기 중...
2025-11-24 00:03:21,176 - INFO - 
🔄 스캔 시작... 2025-11-24 00:03:21
2025-11-24 00:03:34,765 - INFO - 
💤 5분 대기 중...
2025-11-24 00:08:34,767 - INFO - 
🔄 스캔 시작... 2025-11-24 00:08:34
2025-11-24 00:08:48,168 - INFO - 
💤 5분 대기 중...
2025-11-24 00:13:48,169 - INFO - 
🔄 스캔 시작... 2025-11-24 00:13:48
2025-11-24 00:14:01,635 - INFO - 
💤 5분 대기 중...
2025-11-24 00:19:01,655 - INFO - 
🔄 스캔 시작... 2025-11-24 00:19:01
2025-11-24 00:19:15,056 - INFO - 
💤 5분 대기 중...
2025-11-24 00:24:15,057 - INFO - 
🔄 스캔 시작... 2025-11-24 00:24:15
2025-11-24 00:24:28,520 - INFO - 
💤 5분 대기 중...
2025-11-24 00:29:28,523 - INFO - 
🔄 스캔 시작... 2025-11-24 00:29:28
2025-11-24 00:29:42,019 - INFO - 
💤 5분 대기 중...
2025-11-24 00:34:42,019 - INFO - 
🔄 스캔 시작... 2025-11-24 00:34:42
2025-11-24 00:34:56,703 - INFO - 
💤 5분 대기 중...
2025-11-24 00:39:56,704 - INFO - 
🔄 스캔 시작... 2025-11-24 00:39:56
2025-11-24 00:40:00,313 - INFO - 🧠 AI 분석 요청 중... (META)
2025-11-24 00:40:03,573 - INFO - ✅ 알림 전송 성공: META (RSI: 26.4)
2025-11-24 00:40:09,833 - INFO - 🧠 AI 분석 요청 중... (MSFT)
2025-11-24 00:40:13,218 - INFO - ✅ 알림 전송 성공: MSFT (RSI: 28.4)
2025-11-24 00:40:18,310 - INFO - 
💤 5분 대기 중...
2025-11-24 00:45:18,318 - INFO - 
🔄 스캔 시작... 2025-11-24 00:45:18
2025-11-24 00:45:31,891 - INFO - 
💤 5분 대기 중...
2025-11-24 00:50:31,893 - INFO - 
🔄 스캔 시작... 2025-11-24 00:50:31
2025-11-24 00:50:45,344 - INFO - 
💤 5분 대기 중...
2025-11-24 03:44:58,620 - INFO - 
🔄 스캔 시작... 2025-11-24 03:44:58
2025-11-24 03:45:02,143 - INFO - 🧠 AI 분석 요청 중... (META)
2025-11-24 03:45:05,173 - INFO - ✅ 알림 전송 성공: META (RSI: 26.4)
2025-11-24 03:45:10,518 - INFO - 🧠 AI 분석 요청 중... (MSFT)
2025-11-24 03:45:14,224 - INFO - ✅ 알림 전송 성공: MSFT (RSI: 28.4)
2025-11-24 03:45:19,230 - INFO - 
💤 5분 대기 중...
2025-11-25 03:45:51,775 - INFO - 
🔄 스캔 시작... 2025-11-25 03:45:51
2025-11-25 03:45:58,667 - INFO - 🧠 AI 분석 요청 중... (GOOGL)
2025-11-25 03:46:01,612 - INFO - ✅ 알림 전송 성공: GOOGL (RSI: 75.0)
2025-11-25 03:46:09,360 - INFO - 
💤 5분 대기 중...
2025-11-25 21:24:33,068 - INFO - 
🔄 스캔 시작... 2025-11-25 21:24:33
2025-11-25 21:24:42,744 - INFO - 🧠 AI 분석 요청 중... (GOOGL)
2025-11-25 21:24:45,789 - INFO - ✅ 알림 전송 성공: GOOGL (RSI: 75.3)
2025-11-25 21:24:53,565 - INFO - 
💤 5분 대기 중...
2025-11-25 21:29:53,567 - INFO - 
🔄 스캔 시작... 2025-11-25 21:29:53
2025-11-25 21:30:07,560 - INFO - 
💤 5분 대기 중...
2025-11-25 21:35:07,561 - INFO - 
🔄 스캔 시작... 2025-11-25 21:35:07
2025-11-25 21:35:21,034 - INFO - 
💤 5분 대기 중...
2025-11-25 21:40:21,036 - INFO - 
🔄 스캔 시작... 2025-11-25 21:40:21
2025-11-25 21:40:34,670 - INFO - 
💤 5분 대기 중...
2025-11-25 21:45:34,671 - INFO - 
🔄 스캔 시작... 2025-11-25 21:45:34
2025-11-25 21:45:48,082 - INFO - 
💤 5분 대기 중...
2025-11-25 21:50:48,088 - INFO - 
🔄 스캔 시작... 2025-11-25 21:50:48
2025-11-25 21:51:01,601 - INFO - 
💤 5분 대기 중...
2025-11-25 21:56:01,602 - INFO - 
🔄 스캔 시작... 2025-11-25 21:56:01
2025-11-25 21:56:15,247 - INFO - 
💤 5분 대기 중...
2025-11-25 22:01:15,248 - INFO - 
🔄 스캔 시작... 2025-11-25 22:01:15
2025-11-25 22:01:28,718 - INFO - 
💤 5분 대기 중...
2025-11-25 22:06:28,721 - INFO - 
🔄 스캔 시작... 2025-11-25 22:06:28
2025-11-25 22:06:42,293 - INFO - 
💤 5분 대기 중...
2025-11-25 22:11:42,294 - INFO - 
🔄 스캔 시작... 2025-11-25 22:11:42
2025-11-25 22:11:55,792 - INFO - 
💤 5분 대기 중...
2025-11-25 22:16:55,793 - INFO - 
🔄 스캔 시작... 2025-11-25 22:16:55
2025-11-25 22:17:09,331 - INFO - 
💤 5분 대기 중...
2025-11-25 22:22:09,332 - INFO - 
🔄 스캔 시작... 2025-11-25 22:22:09
2025-11-25 22:22:22,963 - INFO - 
💤 5분 대기 중...
2025-11-25 22:27:22,966 - INFO - 
🔄 스캔 시작... 2025-11-25 22:27:22
2025-11-25 22:27:28,590 - INFO - 🧠 AI 분석 요청 중... (GOOGL)
2025-11-25 22:27:31,627 - INFO - ✅ 알림 전송 성공: GOOGL (RSI: 75.3)
2025-11-25 22:27:39,552 - INFO - 
💤 5분 대기 중...
2025-11-25 22:32:39,554 - INFO - 
🔄 스캔 시작... 2025-11-25 22:32:39
2025-11-25 22:32:53,039 - INFO - 
💤 5분 대기 중...
2025-11-25 22:37:53,040 - INFO - 
🔄 스캔 시작... 2025-11-25 22:37:53
2025-11-25 22:38:07,158 - INFO - 
💤 5분 대기 중...
2025-11-25 22:43:07,163 - INFO - 
🔄 스캔 시작... 2025-11-25 22:43:07
2025-11-25 22:43:20,594 - INFO - 
💤 5분 대기 중...
2025-11-25 22:48:20,595 - INFO - 
🔄 스캔 시작... 2025-11-25 22:48:20
2025-11-25 22:48:34,139 - INFO - 
💤 5분 대기 중...
2025-11-25 22:53:34,142 - INFO - 
🔄 스캔 시작... 2025-11-25 22:53:34
2025-11-25 22:53:47,616 - INFO - 
💤 5분 대기 중...
2025-11-25 22:58:47,622 - INFO - 
🔄 스캔 시작... 2025-11-25 22:58:47
2025-11-25 22:59:01,090 - INFO - 
💤 5분 대기 중...
2025-11-25 23:04:01,092 - INFO - 
🔄 스캔 시작... 2025-11-25 23:04:01
2025-11-25 23:04:14,535 - INFO - 
💤 5분 대기 중...
2025-11-25 23:09:14,536 - INFO - 
🔄 스캔 시작... 2025-11-25 23:09:14
2025-11-25 23:09:28,107 - INFO - 
💤 5분 대기 중...
2025-11-25 23:14:28,108 - INFO - 
🔄 스캔 시작... 2025-11-25 23:14:28
2025-11-25 23:14:41,555 - INFO - 
💤 5분 대기 중...
2025-11-25 23:19:41,557 - INFO - 
🔄 스캔 시작... 2025-11-25 23:19:41
2025-11-25 23:19:55,100 - INFO - 
💤 5분 대기 중...
2025-11-25 23:24:55,102 - INFO - 
🔄 스캔 시작... 2025-11-25 23:24:55
2025-11-25 23:25:08,580 - INFO - 
💤 5분 대기 중...
2025-11-25 23:30:08,581 - INFO - 
🔄 스캔 시작... 2025-11-25 23:30:08
2025-11-25 23:30:14,289 - INFO - 🧠 AI 분석 요청 중... (GOOGL)
2025-11-25 23:30:17,186 - INFO - ✅ 알림 전송 성공: GOOGL (RSI: 77.7)
2025-11-25 23:30:25,078 - INFO - 
💤 5분 대기 중...
2025-11-25 23:35:25,081 - INFO - 
🔄 스캔 시작... 2025-11-25 23:35:25
2025-11-25 23:35:33,613 - INFO - 🧠 AI 분석 요청 중... (MSFT)
2025-11-25 23:35:36,637 - INFO - ✅ 알림 전송 성공: MSFT (RSI: 28.9)
2025-11-25 23:35:41,733 - INFO - 
💤 5분 대기 중...
2025-11-25 23:40:41,734 - INFO - 
🔄 스캔 시작... 2025-11-25 23:40:41
2025-11-25 23:40:55,366 - INFO - 
💤 5분 대기 중...
2025-11-25 23:45:55,369 - INFO - 
🔄 스캔 시작... 2025-11-25 23:45:55
2025-11-25 23:46:08,943 - INFO - 
💤 5분 대기 중...
2025-11-25 23:51:08,947 - INFO - 
🔄 스캔 시작... 2025-11-25 23:51:08
2025-11-25 23:51:22,399 - INFO - 
💤 5분 대기 중...
2025-11-25 23:56:22,401 - INFO - 
🔄 스캔 시작... 2025-11-25 23:56:22
2025-11-25 23:56:35,969 - INFO - 
💤 5분 대기 중...
2025-11-26 00:01:35,972 - INFO - 
🔄 스캔 시작... 2025-11-26 00:01:35
2025-11-26 00:01:49,552 - INFO - 
💤 5분 대기 중...
